<?xml version="1.0" encoding="UTF-8"?>
<robot generator="Robot 5.0.1 (Python 3.10.2 on win32)" generated="20220805 13:59:40.077" rpa="false" schemaversion="3">
<suite id="s1" name="Demo6 Win" source="d:\Mine\Company\Ericsson3\robot_project\selenium_suite\demo6_win.robot">
<test id="s1-t1" name="TC3" line="27">
<kw name="Open Browser" library="SeleniumLibrary">
<arg>browser=chrome</arg>
<arg>executable_path=${EXECDIR}${/}driver${/}chromedriver.exe</arg>
<doc>Opens a new browser instance to the optional ``url``.</doc>
<msg timestamp="20220805 13:59:40.549" level="INFO">Opening browser 'chrome' to base url 'None'.</msg>
<status status="PASS" starttime="20220805 13:59:40.549" endtime="20220805 13:59:42.505"/>
</kw>
<kw name="Maximize Browser Window" library="SeleniumLibrary">
<doc>Maximizes current browser window.</doc>
<status status="PASS" starttime="20220805 13:59:42.524" endtime="20220805 13:59:42.664"/>
</kw>
<kw name="Set Selenium Implicit Wait" library="SeleniumLibrary">
<arg>20s</arg>
<doc>Sets the implicit wait value used by Selenium.</doc>
<status status="PASS" starttime="20220805 13:59:42.668" endtime="20220805 13:59:42.675"/>
</kw>
<kw name="Go To" library="SeleniumLibrary">
<arg>url=https://www.ilovepdf.com/pdf_to_word</arg>
<doc>Navigates the current browser window to the provided ``url``.</doc>
<msg timestamp="20220805 13:59:42.682" level="INFO">Opening url 'https://www.ilovepdf.com/pdf_to_word'</msg>
<status status="PASS" starttime="20220805 13:59:42.681" endtime="20220805 13:59:46.270"/>
</kw>
<kw name="Click Element" library="SeleniumLibrary">
<arg>id=pickfiles</arg>
<doc>Click the element identified by ``locator``.</doc>
<msg timestamp="20220805 13:59:46.272" level="INFO">Clicking element 'id=pickfiles'.</msg>
<status status="PASS" starttime="20220805 13:59:46.271" endtime="20220805 13:59:46.355"/>
</kw>
<kw name="Sleep" library="BuiltIn">
<arg>1s</arg>
<doc>Pauses the test executed for the given time.</doc>
<msg timestamp="20220805 13:59:47.359" level="INFO">Slept 1 second</msg>
<status status="PASS" starttime="20220805 13:59:46.357" endtime="20220805 13:59:47.359"/>
</kw>
<kw name="Control Focus" library="AutoItLibrary">
<arg>Open</arg>
<arg>${EMPTY}</arg>
<arg>Edit1</arg>
<doc>method ControlFocus</doc>
<status status="PASS" starttime="20220805 13:59:47.360" endtime="20220805 13:59:47.436"/>
</kw>
<kw name="Control Set Text" library="AutoItLibrary">
<arg>Open</arg>
<arg>${EMPTY}</arg>
<arg>Edit1</arg>
<arg>D:${/}Mine${/}Balaji-Profile.pdf</arg>
<doc>method ControlSetText</doc>
<status status="PASS" starttime="20220805 13:59:47.438" endtime="20220805 13:59:47.442"/>
</kw>
<kw name="Control Click" library="AutoItLibrary">
<arg>Open</arg>
<arg>${EMPTY}</arg>
<arg>Button1</arg>
<doc>method ControlClick</doc>
<status status="PASS" starttime="20220805 13:59:47.443" endtime="20220805 13:59:47.456"/>
</kw>
<status status="PASS" starttime="20220805 13:59:40.521" endtime="20220805 13:59:47.460"/>
</test>
<status status="PASS" starttime="20220805 13:59:40.079" endtime="20220805 13:59:47.466"/>
</suite>
<statistics>
<total>
<stat pass="1" fail="0" skip="0">All Tests</stat>
</total>
<tag>
</tag>
<suite>
<stat pass="1" fail="0" skip="0" id="s1" name="Demo6 Win">Demo6 Win</stat>
</suite>
</statistics>
<errors>
</errors>
</robot>
